Executed: ALTER INDEX [PK_MovimientosInventario] ON [dbo].[MovimientosInventario] REBUILD
Executed: ALTER INDEX [PK_CuentaUnidades] ON [dbo].[CuentaUnidades] REBUILD
Executed: ALTER INDEX [IX_CuentaUnidades] ON [dbo].[CuentaUnidades] REBUILD
Executed: ALTER INDEX [PK_OrdenesComprasCanceladas] ON [dbo].[OrdenesComprasCanceladas] REBUILD
Executed: ALTER INDEX [PK_Unidades_Kilometrajes] ON [dbo].[Unidades_Kilometrajes] REORGANIZE
Executed: ALTER INDEX [IDX_Unidades_Kilometrajes_Unidad_ID_Fecha] ON [dbo].[Unidades_Kilometrajes] REORGANIZE
Executed: ALTER INDEX [PK_Cuenta_Empresas] ON [dbo].[CuentaEmpresas] REORGANIZE
Executed: ALTER INDEX [PK_Usuarios_Empresas] ON [dbo].[Usuarios_Empresas] REBUILD
Executed: ALTER INDEX [PK_TicketsCancelados] ON [dbo].[TicketsCancelados] REBUILD
Executed: ALTER INDEX [PK_OrdenesServiciosRefacciones] ON [dbo].[OrdenesServiciosRefacciones] REBUILD
Executed: ALTER INDEX [PK_Usuarios_Estaciones] ON [dbo].[Usuarios_Estaciones] REBUILD
Executed: ALTER INDEX [PK_PlanesDeRenta] ON [dbo].[PlanesDeRenta] REBUILD
Executed: ALTER INDEX [IDX_PlanesDeRenta_Referencia] ON [dbo].[PlanesDeRenta] REBUILD
Executed: ALTER INDEX [PK_ModelosUnidades] ON [dbo].[ModelosUnidades] REBUILD
Executed: ALTER INDEX [PK_Concesiones] ON [dbo].[Concesiones] REBUILD
Executed: ALTER INDEX [PK_ValesPrepagados] ON [dbo].[ValesPrepagados] REORGANIZE
Executed: ALTER INDEX [PK_Unidades] ON [dbo].[Unidades] REBUILD
Executed: ALTER INDEX [IDX_Unidades_Referencia] ON [dbo].[Unidades] REBUILD
Executed: ALTER INDEX [IDX_Unidades_NumeroEcononico] ON [dbo].[Unidades] REBUILD
Executed: ALTER INDEX [IDX_Unidades_Estatus_Locaciones] ON [dbo].[Unidades] REBUILD
Executed: ALTER INDEX [IDX_Unidades_Flotilla] ON [dbo].[Unidades] REBUILD
Executed: ALTER INDEX [PK_Opciones] ON [dbo].[Opciones] REBUILD
Executed: ALTER INDEX [PK_TiposRefacciones] ON [dbo].[TiposRefacciones] REORGANIZE
Executed: ALTER INDEX [PK_PermisosUsuarios] ON [dbo].[PermisosUsuarios] REBUILD
Executed: ALTER INDEX [PK_ContratosLiquidados] ON [dbo].[ContratosLiquidados] REORGANIZE
Executed: ALTER INDEX [PK_Refacciones] ON [dbo].[Refacciones] REBUILD
Executed: ALTER INDEX [UNQ_Refacciones_TipoModeloMarcaAnio] ON [dbo].[Refacciones] REBUILD
Executed: ALTER INDEX [IDX_Refacciones_NumeroSerial] ON [dbo].[Refacciones] REBUILD
Executed: ALTER INDEX [PK_Sesiones] ON [dbo].[Sesiones] REORGANIZE
Executed: ALTER INDEX [PK_ServiciosMantenimientos] ON [dbo].[ServiciosMantenimientos] REORGANIZE
Executed: ALTER INDEX [PK_Usuarios] ON [dbo].[Usuarios] REBUILD
Executed: ALTER INDEX [PK_ServiciosMantenimientos_TiposRefacciones] ON [dbo].[ServiciosMantenimientos_TiposRefacciones] REBUILD
Executed: ALTER INDEX [PK_Mecanicos] ON [dbo].[Mecanicos] REBUILD
Executed: ALTER INDEX [PK_HistorialCobranzaConductores] ON [dbo].[HistorialCobranzaConductores] REBUILD
Executed: ALTER INDEX [PK_Tickets] ON [dbo].[Tickets] REORGANIZE
Executed: ALTER INDEX [IDX_Tickets_Conductor_ID_Fecha] ON [dbo].[Tickets] REBUILD
Executed: ALTER INDEX [PK_Zonas] ON [dbo].[Zonas] REBUILD
Executed: ALTER INDEX [PK_PermisosGruposUsuarios] ON [dbo].[PermisosGruposUsuarios] REBUILD
Executed: ALTER INDEX [PK_CancelacionesOrdenesTrabajos] ON [dbo].[CancelacionesOrdenesTrabajos] REBUILD
Executed: ALTER INDEX [PK_Servicios] ON [dbo].[Servicios] REBUILD
Executed: ALTER INDEX [IDX_Servicios_Fecha] ON [dbo].[Servicios] REBUILD
Executed: ALTER INDEX [IX_Servicios_Monedas] ON [dbo].[Servicios] REBUILD
Executed: ALTER INDEX [IDX_Servicios_Sesiones] ON [dbo].[Servicios] REORGANIZE
Executed: ALTER INDEX [IDX_Servicios_AsignacionServicios] ON [dbo].[Servicios] REORGANIZE
Executed: ALTER INDEX [IDX_Servicios_AsignacionServicios_FechaServicio] ON [dbo].[Servicios] REORGANIZE
Executed: ALTER INDEX [IDX_Servicios_Sesion_Zona_TipoServicioConductor_Precio] ON [dbo].[Servicios] REORGANIZE
Executed: ALTER INDEX [IDX_Servicios_Sesion_Moneda_Precio] ON [dbo].[Servicios] REBUILD
Executed: ALTER INDEX [IDX_Servicios_Consulta] ON [dbo].[Servicios] REORGANIZE
Executed: ALTER INDEX [IDX_Servicios_Empresa_Estacion_Estatus] ON [dbo].[Servicios] REORGANIZE
Executed: ALTER INDEX [PK_OrdenesServicios] ON [dbo].[OrdenesServicios] REBUILD
Executed: ALTER INDEX [PK_Conductores] ON [dbo].[Conductores] REBUILD
Executed: ALTER INDEX [PK_CuentaFlujoCajas] ON [dbo].[CuentaFlujoCajas] REORGANIZE
Executed: ALTER INDEX [PK_Empresas] ON [dbo].[Empresas] REORGANIZE
Executed: ALTER INDEX [PK_ServiciosMantenimientosPrecios] ON [dbo].[ServiciosMantenimientosPrecios] REBUILD
Executed: ALTER INDEX [PK_OrdenesCompras] ON [dbo].[OrdenesCompras] REBUILD
Executed: ALTER INDEX [PK_Ayudas_Opciones] ON [dbo].[AyudasOpciones] REBUILD
Executed: ALTER INDEX [PK_Contratos] ON [dbo].[Contratos] REBUILD
Executed: ALTER INDEX [IDX_Constratos_Cuenta_Estatus] ON [dbo].[Contratos] REBUILD
Executed: ALTER INDEX [IDX_Contratos_Unidad_Cuenta_Estatus] ON [dbo].[Contratos] REBUILD
Executed: ALTER INDEX [IDX_Contratos_Conductor_ID_EstatusContrato_ID] ON [dbo].[Contratos] REBUILD
Executed: ALTER INDEX [PK_Compras] ON [dbo].[Compras] REBUILD
Executed: ALTER INDEX [PK_Servicios_Comisiones] ON [dbo].[Servicios_Comisiones] REBUILD
Executed: ALTER INDEX [PK_NotasAlmacen] ON [dbo].[NotasAlmacen] REBUILD
Executed: ALTER INDEX [IDX_CuentaConductores] ON [dbo].[CuentaConductores] REBUILD
Executed: ALTER INDEX [IDX_CuentaConductores_ECC] ON [dbo].[CuentaConductores] REBUILD
Executed: ALTER INDEX [IDX_CuentaConductores_Ticket_ID] ON [dbo].[CuentaConductores] REORGANIZE
Executed: ALTER INDEX [IDX_CuentaConductores_Cuenta_Saldo] ON [dbo].[CuentaConductores] REORGANIZE
Executed: ALTER INDEX [PK_Inventario] ON [dbo].[Inventario] REBUILD
Executed: ALTER INDEX [PK_AjustesInventario] ON [dbo].[AjustesInventario] REBUILD
